2026-03-25 00:54:46,065 - log_setup - INFO - Logging initialized. Log file: /Users/L065462/lilly/Practice/CLEAN-GPU/re-changed/GPU-tets/logs/scheduler_20260325_005446.log
2026-03-25 00:54:46,065 - log_setup - INFO - Scheduler logging initialized
2026-03-25 00:54:46,065 - config_loader - INFO - Loaded configuration from: config.ini
2026-03-25 00:54:46,065 - log_setup - INFO - ================================================================================
2026-03-25 00:54:46,065 - log_setup - INFO - CONFIGURATION SUMMARY
2026-03-25 00:54:46,065 - log_setup - INFO - ================================================================================
2026-03-25 00:54:46,065 - log_setup - INFO - 
2026-03-25 00:54:46,065 - log_setup - INFO - [SCHEDULER]
2026-03-25 00:54:46,066 - log_setup - INFO -   GPU Memory: 4096.0MB
2026-03-25 00:54:46,066 - log_setup - INFO -   Container Duration: 600s
2026-03-25 00:54:46,066 - log_setup - INFO -   Step Interval: 5s
2026-03-25 00:54:46,066 - log_setup - INFO -   Max Concurrent: 3
2026-03-25 00:54:46,066 - log_setup - INFO -   Memory Multiplier: 1.5x
2026-03-25 00:54:46,066 - log_setup - INFO -   Base Memory: 862.0MB
2026-03-25 00:54:46,066 - log_setup - INFO -   Simulation Duration: 24.0h
2026-03-25 00:54:46,066 - log_setup - INFO - 
2026-03-25 00:54:46,066 - log_setup - INFO - [REPORTS]
2026-03-25 00:54:46,066 - log_setup - INFO -   Directory: reports
2026-03-25 00:54:46,066 - log_setup - INFO - 
2026-03-25 00:54:46,066 - log_setup - INFO - [ADVANCED]
2026-03-25 00:54:46,066 - log_setup - INFO -   OOM Retry Count: 3
2026-03-25 00:54:46,066 - log_setup - INFO -   Watchdog Poll Interval: 30s
2026-03-25 00:54:46,066 - log_setup - INFO - 
2026-03-25 00:54:46,066 - log_setup - INFO - ================================================================================
2026-03-25 00:54:46,066 - __main__ - INFO - Starting scheduler with config from config.ini...
2026-03-25 00:54:46,066 - __main__ - INFO - Log file: /Users/L065462/lilly/Practice/CLEAN-GPU/re-changed/GPU-tets/logs/scheduler_20260325_005446.log
2026-03-25 00:54:46,066 - config_loader - INFO - Loaded configuration from: config.ini
2026-03-25 00:54:46,066 - watchdog - INFO - Watchdog initialized: poll=30s, grace=60s
2026-03-25 00:54:46,066 - __main__ - INFO - ================================================================================
2026-03-25 00:54:46,066 - __main__ - INFO - DYNAMIC RESET CONFIGURATION (computed at startup)
2026-03-25 00:54:46,066 - __main__ - INFO -   Base Memory: 862.0 MB
2026-03-25 00:54:46,066 - __main__ - INFO -   Memory Multiplier: 1.5x
2026-03-25 00:54:46,066 - __main__ - INFO -   Total GPU Memory: 4096.0 MB
2026-03-25 00:54:46,066 - __main__ - INFO -   Dynamic Reset Point: Container 4
2026-03-25 00:54:46,066 - __main__ - INFO -     → Would require 2909.2 MB
2026-03-25 00:54:46,066 - __main__ - INFO -     → Exceeds 4096.0 MB GPU
2026-03-25 00:54:46,066 - __main__ - INFO -   Max Simultaneous Containers: 3
2026-03-25 00:54:46,066 - __main__ - INFO -   Cycle Memory Usage: 4094.5 MB (99.96% of GPU)
2026-03-25 00:54:46,066 - __main__ - INFO -   Reset Formula: container_index % 3 + 1
2026-03-25 00:54:46,066 - __main__ - INFO - ================================================================================
2026-03-25 00:54:46,067 - __main__ - INFO - Scheduler initialized
2026-03-25 00:54:46,067 - __main__ - INFO - Config: SchedulerConfig(total_gpu_memory_mb=4096.0, container_duration_seconds=600, step_interval_seconds=5, max_concurrent_containers=3, memory_multiplier=1.5, base_memory_mb=862.0, simulation_duration_hours=24.0, worker_script='worker/worker.py')
2026-03-25 00:54:46,067 - state_tracker - INFO - System state: initializing → running
2026-03-25 00:54:46,067 - watchdog - INFO - Watchdog started
2026-03-25 00:54:46,067 - __main__ - INFO - Scheduler started
2026-03-25 00:54:46,072 - __main__ - DEBUG - Container 1: cycle_position=0/4, memory=862.0MB (dynamic reset)
2026-03-25 00:54:46,072 - memory_manager - DEBUG - Tracked allocation 862.0MB for container 1 (Block 1) - GPU allocation done by worker
2026-03-25 00:54:46,072 - state_tracker - INFO - Container 1 CREATED: 862.0MB, 600s
2026-03-25 00:54:46,073 - container_runner - INFO - Starting container 1: python /Users/L065462/lilly/Practice/CLEAN-GPU/re-changed/GPU-tets/worker/worker.py
2026-03-25 00:54:46,073 - __main__ - INFO - Launched container 1: type 1/4, 862.0MB
2026-03-25 00:54:46,073 - watchdog - ERROR - Error checking GPU memory: [Errno 2] No such file or directory: 'nvidia-smi'
2026-03-25 00:54:46,073 - state_tracker - INFO - [Starting] Container 1: created → starting
2026-03-25 00:54:46,074 - state_tracker - INFO - [Allocating memory] Container 1: starting → allocating_memory
2026-03-25 00:54:46,074 - state_tracker - INFO - [Running] Container 1: allocating_memory → running
2026-03-25 00:54:46,074 - __main__ - INFO - Container 1 started
